I, [2024-11-02T14:50:33.139619 #66487]  INFO -- : Application started
I, [2024-11-02T14:50:33.140310 #66487]  INFO -- : Application started
I, [2024-11-02T14:53:51.365972 #38804]  INFO -- : Application started
I, [2024-11-02T14:53:51.370391 #38804]  INFO -- : Application started
I, [2024-11-02T15:08:33.883765 #8048]  INFO -- : Application started
I, [2024-11-02T15:08:36.163831 #8048]  INFO -- : Ініціалізовано об'єкт RentalItem з адресою 257 Gregorio Lodge, West Danika, WI 61824
I, [2024-11-02T15:08:36.164169 #8048]  INFO -- : Створено об'єкт RentalItem: Оренда: Ціна: 12192 грн, Адреса: 257 Gregorio Lodge, West Danika, WI 61824, Площа: 84 м², Кімнат: 2, Зображення: images/ut.jpg
I, [2024-11-02T15:08:36.168545 #8048]  INFO -- : Application started
I, [2024-11-02T15:08:36.171354 #8048]  INFO -- : Ініціалізовано об'єкт RentalItem з адресою Apt. 769 39884 Corwin View, Darenton, IN 30826
I, [2024-11-02T15:08:36.171572 #8048]  INFO -- : Створено об'єкт RentalItem: Оренда: Ціна: 11329 грн, Адреса: Apt. 769 39884 Corwin View, Darenton, IN 30826, Площа: 195 м², Кімнат: 4, Зображення: images/quod.jpg
I, [2024-11-02T15:12:33.023009 #33240]  INFO -- : Application started
I, [2024-11-02T15:12:34.536354 #33240]  INFO -- : Ініціалізовано об'єкт RentalItem з адресою Apt. 430 845 Travis Well, North Melia, CT 16468
I, [2024-11-02T15:12:34.536761 #33240]  INFO -- : Створено об'єкт RentalItem: Оренда: Ціна: 9731 грн, Адреса: Apt. 430 845 Travis Well, North Melia, CT 16468, Площа: 150 м², Кімнат: 5, Зображення: images/eius.jpg
I, [2024-11-02T15:12:34.541238 #33240]  INFO -- : Application started
I, [2024-11-02T15:12:34.545656 #33240]  INFO -- : Ініціалізовано об'єкт RentalItem з адресою 3452 Arlen Lights, South Robbyhaven, AK 12363-1103
I, [2024-11-02T15:12:34.545939 #33240]  INFO -- : Створено об'єкт RentalItem: Оренда: Ціна: 11053 грн, Адреса: 3452 Arlen Lights, South Robbyhaven, AK 12363-1103, Площа: 38 м², Кімнат: 2, Зображення: images/voluptas.jpg
I, [2024-11-02T15:27:52.202658 #44172]  INFO -- : Application started
I, [2024-11-02T15:27:55.391370 #44172]  INFO -- : Ініціалізовано об'єкт RentalItem з адресою Apt. 591 11342 Lockman Parks, New Lakenyaside, MT 16846-1749
I, [2024-11-02T15:27:55.391923 #44172]  INFO -- : Створено об'єкт RentalItem: Оренда: Ціна: 18424 грн, Адреса: Apt. 591 11342 Lockman Parks, New Lakenyaside, MT 16846-1749, Площа: 116 м², Кімнат: 1, Зображення: images/et.jpg
I, [2024-11-02T15:27:55.393725 #44172]  INFO -- : Initialized Cart instance
I, [2024-11-02T15:27:55.395095 #44172]  INFO -- : Ініціалізовано об'єкт RentalItem з адресою Suite 674 491 Feeney Underpass, Watersburgh, TN 72467
I, [2024-11-02T15:27:55.395483 #44172]  INFO -- : Added item: Оренда: Ціна: 17946 грн, Адреса: Suite 674 491 Feeney Underpass, Watersburgh, TN 72467, Площа: 101 м², Кімнат: 1, Зображення: images/ratione.jpg
I, [2024-11-02T15:27:55.397193 #44172]  INFO -- : Ініціалізовано об'єкт RentalItem з адресою 29197 Chelsea Station, East Scottland, WA 48892
I, [2024-11-02T15:27:55.397682 #44172]  INFO -- : Added item: Оренда: Ціна: 5635 грн, Адреса: 29197 Chelsea Station, East Scottland, WA 48892, Площа: 162 м², Кімнат: 5, Зображення: images/eligendi.jpg
I, [2024-11-02T15:27:55.398946 #44172]  INFO -- : Ініціалізовано об'єкт RentalItem з адресою 55919 Russel Harbors, Coltonside, NE 05570
I, [2024-11-02T15:27:55.399498 #44172]  INFO -- : Added item: Оренда: Ціна: 15981 грн, Адреса: 55919 Russel Harbors, Coltonside, NE 05570, Площа: 157 м², Кімнат: 3, Зображення: images/expedita.jpg
I, [2024-11-02T15:27:55.402059 #44172]  INFO -- : Ініціалізовано об'єкт RentalItem з адресою Apt. 962 279 Jalisa Ports, Keelingtown, IL 43379-4117
I, [2024-11-02T15:27:55.402566 #44172]  INFO -- : Added item: Оренда: Ціна: 11148 грн, Адреса: Apt. 962 279 Jalisa Ports, Keelingtown, IL 43379-4117, Площа: 127 м², Кімнат: 5, Зображення: images/a.jpg
I, [2024-11-02T15:27:55.405278 #44172]  INFO -- : Ініціалізовано об'єкт RentalItem з адресою Apt. 208 3433 Fermin Lake, North Santana, UT 16814
I, [2024-11-02T15:27:55.405597 #44172]  INFO -- : Added item: Оренда: Ціна: 14537 грн, Адреса: Apt. 208 3433 Fermin Lake, North Santana, UT 16814, Площа: 123 м², Кімнат: 4, Зображення: images/in.jpg
I, [2024-11-02T15:27:55.407280 #44172]  INFO -- : Ініціалізовано об'єкт RentalItem з адресою Suite 476 189 Amos Union, South Tracibury, KY 80089
I, [2024-11-02T15:27:55.407688 #44172]  INFO -- : Added item: Оренда: Ціна: 12163 грн, Адреса: Suite 476 189 Amos Union, South Tracibury, KY 80089, Площа: 180 м², Кімнат: 3, Зображення: images/omnis.jpg
I, [2024-11-02T15:27:55.409093 #44172]  INFO -- : Ініціалізовано об'єкт RentalItem з адресою 4346 Allen Locks, Lake Lillieside, PA 36307
I, [2024-11-02T15:27:55.409400 #44172]  INFO -- : Added item: Оренда: Ціна: 19084 грн, Адреса: 4346 Allen Locks, Lake Lillieside, PA 36307, Площа: 141 м², Кімнат: 4, Зображення: images/accusantium.jpg
I, [2024-11-02T15:27:55.410917 #44172]  INFO -- : Ініціалізовано об'єкт RentalItem з адресою 987 Feest Course, Connport, AK 98122
I, [2024-11-02T15:27:55.411943 #44172]  INFO -- : Added item: Оренда: Ціна: 10713 грн, Адреса: 987 Feest Course, Connport, AK 98122, Площа: 198 м², Кімнат: 3, Зображення: images/deleniti.jpg
I, [2024-11-02T15:27:55.414285 #44172]  INFO -- : Ініціалізовано об'єкт RentalItem з адресою Apt. 483 5362 Faustina Forge, Chaubury, GA 66916-2076
I, [2024-11-02T15:27:55.414812 #44172]  INFO -- : Added item: Оренда: Ціна: 13821 грн, Адреса: Apt. 483 5362 Faustina Forge, Chaubury, GA 66916-2076, Площа: 100 м², Кімнат: 4, Зображення: images/cum.jpg
I, [2024-11-02T15:27:55.416591 #44172]  INFO -- : Ініціалізовано об'єкт RentalItem з адресою 8775 Koepp Inlet, Mattiefort, OH 45525-7805
I, [2024-11-02T15:27:55.416996 #44172]  INFO -- : Added item: Оренда: Ціна: 12656 грн, Адреса: 8775 Koepp Inlet, Mattiefort, OH 45525-7805, Площа: 101 м², Кімнат: 3, Зображення: images/ex.jpg
I, [2024-11-02T15:27:55.417318 #44172]  INFO -- : Generated 10 test items
I, [2024-11-02T15:27:55.441616 #44172]  INFO -- : Saved items to items.txt
I, [2024-11-02T15:27:55.443100 #44172]  INFO -- : Saved items to items.json
I, [2024-11-02T15:27:55.444333 #44172]  INFO -- : Saved items to items.csv
I, [2024-11-02T15:27:55.459181 #44172]  INFO -- : Saved items to items_yml as YAML files
I, [2024-11-02T15:27:55.478831 #44172]  INFO -- : Application started
I, [2024-11-02T15:27:55.487350 #44172]  INFO -- : Ініціалізовано об'єкт RentalItem з адресою Apt. 767 883 Shanell Prairie, Beerstad, MI 54642-6853
I, [2024-11-02T15:27:55.487621 #44172]  INFO -- : Створено об'єкт RentalItem: Оренда: Ціна: 9062 грн, Адреса: Apt. 767 883 Shanell Prairie, Beerstad, MI 54642-6853, Площа: 98 м², Кімнат: 2, Зображення: images/quia.jpg
I, [2024-11-02T15:27:55.489159 #44172]  INFO -- : Initialized Cart instance
I, [2024-11-02T15:27:55.492236 #44172]  INFO -- : Ініціалізовано об'єкт RentalItem з адресою 99304 McKenzie Loaf, Port Markusmouth, ND 96535
I, [2024-11-02T15:27:55.492708 #44172]  INFO -- : Added item: Оренда: Ціна: 5053 грн, Адреса: 99304 McKenzie Loaf, Port Markusmouth, ND 96535, Площа: 57 м², Кімнат: 5, Зображення: images/modi.jpg
I, [2024-11-02T15:27:55.497071 #44172]  INFO -- : Ініціалізовано об'єкт RentalItem з адресою Suite 326 52398 Shala Village, Woodrowview, WV 98731-9266
I, [2024-11-02T15:27:55.500231 #44172]  INFO -- : Added item: Оренда: Ціна: 15656 грн, Адреса: Suite 326 52398 Shala Village, Woodrowview, WV 98731-9266, Площа: 70 м², Кімнат: 3, Зображення: images/ut.jpg
I, [2024-11-02T15:27:55.502674 #44172]  INFO -- : Ініціалізовано об'єкт RentalItem з адресою Suite 760 462 Lynch Ports, Mertzchester, WI 65563-8227
I, [2024-11-02T15:27:55.502942 #44172]  INFO -- : Added item: Оренда: Ціна: 5381 грн, Адреса: Suite 760 462 Lynch Ports, Mertzchester, WI 65563-8227, Площа: 147 м², Кімнат: 5, Зображення: images/nostrum.jpg
I, [2024-11-02T15:27:55.505075 #44172]  INFO -- : Ініціалізовано об'єкт RentalItem з адресою 299 Sixta Vista, Manuelton, CA 30812
I, [2024-11-02T15:27:55.505403 #44172]  INFO -- : Added item: Оренда: Ціна: 12375 грн, Адреса: 299 Sixta Vista, Manuelton, CA 30812, Площа: 130 м², Кімнат: 4, Зображення: images/molestiae.jpg
I, [2024-11-02T15:27:55.507227 #44172]  INFO -- : Ініціалізовано об'єкт RentalItem з адресою Suite 706 570 Rath Cape, West Lillistad, WV 06819-5592
I, [2024-11-02T15:27:55.507550 #44172]  INFO -- : Added item: Оренда: Ціна: 13417 грн, Адреса: Suite 706 570 Rath Cape, West Lillistad, WV 06819-5592, Площа: 78 м², Кімнат: 1, Зображення: images/magnam.jpg
I, [2024-11-02T15:27:55.510621 #44172]  INFO -- : Ініціалізовано об'єкт RentalItem з адресою Apt. 654 24499 Kerluke Point, Lake Ambrose, IL 38262
I, [2024-11-02T15:27:55.510900 #44172]  INFO -- : Added item: Оренда: Ціна: 5938 грн, Адреса: Apt. 654 24499 Kerluke Point, Lake Ambrose, IL 38262, Площа: 30 м², Кімнат: 4, Зображення: images/voluptates.jpg
I, [2024-11-02T15:27:55.512836 #44172]  INFO -- : Ініціалізовано об'єкт RentalItem з адресою Suite 333 78289 Wilkinson Summit, South Un, HI 43359-9378
I, [2024-11-02T15:27:55.513169 #44172]  INFO -- : Added item: Оренда: Ціна: 18620 грн, Адреса: Suite 333 78289 Wilkinson Summit, South Un, HI 43359-9378, Площа: 62 м², Кімнат: 5, Зображення: images/sapiente.jpg
I, [2024-11-02T15:27:55.514871 #44172]  INFO -- : Ініціалізовано об'єкт RentalItem з адресою Apt. 118 42933 Bong Fork, North Jeffery, NH 72226-0015
I, [2024-11-02T15:27:55.515173 #44172]  INFO -- : Added item: Оренда: Ціна: 17133 грн, Адреса: Apt. 118 42933 Bong Fork, North Jeffery, NH 72226-0015, Площа: 185 м², Кімнат: 3, Зображення: images/id.jpg
I, [2024-11-02T15:27:55.517724 #44172]  INFO -- : Ініціалізовано об'єкт RentalItem з адресою 2006 Benedict Motorway, New Benitoside, AZ 82556-0639
I, [2024-11-02T15:27:55.518115 #44172]  INFO -- : Added item: Оренда: Ціна: 19001 грн, Адреса: 2006 Benedict Motorway, New Benitoside, AZ 82556-0639, Площа: 175 м², Кімнат: 1, Зображення: images/earum.jpg
I, [2024-11-02T15:27:55.520215 #44172]  INFO -- : Ініціалізовано об'єкт RentalItem з адресою Apt. 252 5585 Schroeder Manors, South Maryalice, IA 50524-6637
I, [2024-11-02T15:27:55.520606 #44172]  INFO -- : Added item: Оренда: Ціна: 5286 грн, Адреса: Apt. 252 5585 Schroeder Manors, South Maryalice, IA 50524-6637, Площа: 80 м², Кімнат: 1, Зображення: images/quod.jpg
I, [2024-11-02T15:27:55.520866 #44172]  INFO -- : Generated 10 test items
I, [2024-11-02T15:27:55.541914 #44172]  INFO -- : Saved items to items.txt
I, [2024-11-02T15:27:55.542748 #44172]  INFO -- : Saved items to items.json
I, [2024-11-02T15:27:55.543990 #44172]  INFO -- : Saved items to items.csv
I, [2024-11-02T15:27:55.557515 #44172]  INFO -- : Saved items to items_yml as YAML files
I, [2024-11-02T15:34:29.150557 #33304]  INFO -- : Application started
I, [2024-11-02T15:34:30.910221 #33304]  INFO -- : Ініціалізовано об'єкт RentalItem з адресою 26697 Antony Shoals, East Josie, WI 16359
I, [2024-11-02T15:34:30.910532 #33304]  INFO -- : Створено об'єкт RentalItem: Оренда: Ціна: 10783 грн, Адреса: 26697 Antony Shoals, East Josie, WI 16359, Площа: 142 м², Кімнат: 5, Зображення: images/officiis.jpg
I, [2024-11-02T15:34:30.911947 #33304]  INFO -- : Initialized Cart instance with output directory: output
I, [2024-11-02T15:34:30.913008 #33304]  INFO -- : Ініціалізовано об'єкт RentalItem з адресою 699 Lauretta Mount, Hollisbury, AK 31516-0804
I, [2024-11-02T15:34:30.913329 #33304]  INFO -- : Added item: Оренда: Ціна: 17125 грн, Адреса: 699 Lauretta Mount, Hollisbury, AK 31516-0804, Площа: 177 м², Кімнат: 2, Зображення: images/omnis.jpg
I, [2024-11-02T15:34:30.914292 #33304]  INFO -- : Ініціалізовано об'єкт RentalItem з адресою 267 Alva Cliffs, East Cindi, MS 58753-2311
I, [2024-11-02T15:34:30.914654 #33304]  INFO -- : Added item: Оренда: Ціна: 6048 грн, Адреса: 267 Alva Cliffs, East Cindi, MS 58753-2311, Площа: 50 м², Кімнат: 5, Зображення: images/laborum.jpg
I, [2024-11-02T15:34:30.915562 #33304]  INFO -- : Ініціалізовано об'єкт RentalItem з адресою 853 Parisian Circle, South Zora, HI 59134-7383
I, [2024-11-02T15:34:30.915829 #33304]  INFO -- : Added item: Оренда: Ціна: 17014 грн, Адреса: 853 Parisian Circle, South Zora, HI 59134-7383, Площа: 114 м², Кімнат: 1, Зображення: images/ex.jpg
I, [2024-11-02T15:34:30.916738 #33304]  INFO -- : Ініціалізовано об'єкт RentalItem з адресою 136 Rutherford Springs, New Xiao, VT 38383-2600
I, [2024-11-02T15:34:30.916990 #33304]  INFO -- : Added item: Оренда: Ціна: 14817 грн, Адреса: 136 Rutherford Springs, New Xiao, VT 38383-2600, Площа: 38 м², Кімнат: 1, Зображення: images/non.jpg
I, [2024-11-02T15:34:30.917955 #33304]  INFO -- : Ініціалізовано об'єкт RentalItem з адресою Apt. 473 8824 Rudolph Creek, Sterlingbury, ND 06465-3229
I, [2024-11-02T15:34:30.918241 #33304]  INFO -- : Added item: Оренда: Ціна: 11503 грн, Адреса: Apt. 473 8824 Rudolph Creek, Sterlingbury, ND 06465-3229, Площа: 189 м², Кімнат: 5, Зображення: images/quod.jpg
I, [2024-11-02T15:34:30.918993 #33304]  INFO -- : Ініціалізовано об'єкт RentalItem з адресою 8111 Haley Parkways, East Marianoshire, VT 04825
I, [2024-11-02T15:34:30.919199 #33304]  INFO -- : Added item: Оренда: Ціна: 17586 грн, Адреса: 8111 Haley Parkways, East Marianoshire, VT 04825, Площа: 46 м², Кімнат: 4, Зображення: images/nihil.jpg
I, [2024-11-02T15:34:30.919969 #33304]  INFO -- : Ініціалізовано об'єкт RentalItem з адресою Suite 324 881 Emmanuel Way, New Man, MS 94076-1419
I, [2024-11-02T15:34:30.920173 #33304]  INFO -- : Added item: Оренда: Ціна: 14084 грн, Адреса: Suite 324 881 Emmanuel Way, New Man, MS 94076-1419, Площа: 154 м², Кімнат: 2, Зображення: images/dignissimos.jpg
I, [2024-11-02T15:34:30.921061 #33304]  INFO -- : Ініціалізовано об'єкт RentalItem з адресою Suite 948 864 MacGyver Parkway, North Markberg, CA 00337-5594
I, [2024-11-02T15:34:30.921245 #33304]  INFO -- : Added item: Оренда: Ціна: 9931 грн, Адреса: Suite 948 864 MacGyver Parkway, North Markberg, CA 00337-5594, Площа: 79 м², Кімнат: 1, Зображення: images/nemo.jpg
I, [2024-11-02T15:34:30.922971 #33304]  INFO -- : Ініціалізовано об'єкт RentalItem з адресою 73877 Cindi Corner, West Delenaview, NJ 78774-7163
I, [2024-11-02T15:34:30.923352 #33304]  INFO -- : Added item: Оренда: Ціна: 17753 грн, Адреса: 73877 Cindi Corner, West Delenaview, NJ 78774-7163, Площа: 137 м², Кімнат: 4, Зображення: images/velit.jpg
I, [2024-11-02T15:34:30.924464 #33304]  INFO -- : Ініціалізовано об'єкт RentalItem з адресою Suite 714 373 D'Amore Run, South Lupeville, AZ 22244-7286
I, [2024-11-02T15:34:30.924904 #33304]  INFO -- : Added item: Оренда: Ціна: 11232 грн, Адреса: Suite 714 373 D'Amore Run, South Lupeville, AZ 22244-7286, Площа: 34 м², Кімнат: 5, Зображення: images/ducimus.jpg
I, [2024-11-02T15:34:30.925175 #33304]  INFO -- : Generated 10 test items
I, [2024-11-02T15:34:30.947831 #33304]  INFO -- : Saved items to output/items.txt
I, [2024-11-02T15:34:30.948774 #33304]  INFO -- : Saved items to output/items.json
I, [2024-11-02T15:34:30.950758 #33304]  INFO -- : Saved items to output/items.csv
I, [2024-11-02T15:34:30.973828 #33304]  INFO -- : Saved items to output/items_yml as YAML files
I, [2024-11-02T15:34:30.983861 #33304]  INFO -- : Application started
I, [2024-11-02T15:34:30.997276 #33304]  INFO -- : Ініціалізовано об'єкт RentalItem з адресою 7843 Reyes Center, North Scottyfurt, NV 57812-6449
I, [2024-11-02T15:34:31.018051 #33304]  INFO -- : Створено об'єкт RentalItem: Оренда: Ціна: 11840 грн, Адреса: 7843 Reyes Center, North Scottyfurt, NV 57812-6449, Площа: 129 м², Кімнат: 2, Зображення: images/est.jpg
I, [2024-11-02T15:34:31.023407 #33304]  INFO -- : Initialized Cart instance with output directory: output
I, [2024-11-02T15:34:31.028667 #33304]  INFO -- : Ініціалізовано об'єкт RentalItem з адресою 6324 VonRueden Cape, Labadiefurt, ND 90371-1530
I, [2024-11-02T15:34:31.029130 #33304]  INFO -- : Added item: Оренда: Ціна: 17044 грн, Адреса: 6324 VonRueden Cape, Labadiefurt, ND 90371-1530, Площа: 197 м², Кімнат: 5, Зображення: images/et.jpg
I, [2024-11-02T15:34:31.032154 #33304]  INFO -- : Ініціалізовано об'єкт RentalItem з адресою 41141 Carroll Rapids, Port Bruno, AR 04723-9894
I, [2024-11-02T15:34:31.032505 #33304]  INFO -- : Added item: Оренда: Ціна: 18783 грн, Адреса: 41141 Carroll Rapids, Port Bruno, AR 04723-9894, Площа: 146 м², Кімнат: 5, Зображення: images/est.jpg
I, [2024-11-02T15:34:31.034341 #33304]  INFO -- : Ініціалізовано об'єкт RentalItem з адресою 7819 Bednar Alley, North Kendall, SD 63682-9310
I, [2024-11-02T15:34:31.034694 #33304]  INFO -- : Added item: Оренда: Ціна: 7267 грн, Адреса: 7819 Bednar Alley, North Kendall, SD 63682-9310, Площа: 154 м², Кімнат: 4, Зображення: images/et.jpg
I, [2024-11-02T15:34:31.037946 #33304]  INFO -- : Ініціалізовано об'єкт RentalItem з адресою 45103 Rita Harbors, Lake Treva, RI 23370
I, [2024-11-02T15:34:31.038388 #33304]  INFO -- : Added item: Оренда: Ціна: 18428 грн, Адреса: 45103 Rita Harbors, Lake Treva, RI 23370, Площа: 195 м², Кімнат: 3, Зображення: images/nihil.jpg
I, [2024-11-02T15:34:31.041202 #33304]  INFO -- : Ініціалізовано об'єкт RentalItem з адресою 22027 Stiedemann Port, Wuckertburgh, CT 35233
I, [2024-11-02T15:34:31.041942 #33304]  INFO -- : Added item: Оренда: Ціна: 13319 грн, Адреса: 22027 Stiedemann Port, Wuckertburgh, CT 35233, Площа: 137 м², Кімнат: 2, Зображення: images/aut.jpg
I, [2024-11-02T15:34:31.044108 #33304]  INFO -- : Ініціалізовано об'єкт RentalItem з адресою Suite 766 33061 Ankunding Isle, South Ezekiel, WV 89310
I, [2024-11-02T15:34:31.044677 #33304]  INFO -- : Added item: Оренда: Ціна: 13882 грн, Адреса: Suite 766 33061 Ankunding Isle, South Ezekiel, WV 89310, Площа: 105 м², Кімнат: 5, Зображення: images/dolorum.jpg
I, [2024-11-02T15:34:31.047384 #33304]  INFO -- : Ініціалізовано об'єкт RentalItem з адресою Suite 426 29461 Danelle Lodge, New Anthonyborough, RI 78643
I, [2024-11-02T15:34:31.047773 #33304]  INFO -- : Added item: Оренда: Ціна: 19019 грн, Адреса: Suite 426 29461 Danelle Lodge, New Anthonyborough, RI 78643, Площа: 174 м², Кімнат: 1, Зображення: images/et.jpg
I, [2024-11-02T15:34:31.049125 #33304]  INFO -- : Ініціалізовано об'єкт RentalItem з адресою Apt. 867 14551 Durgan Summit, Eugeneberg, AK 51252-5374
I, [2024-11-02T15:34:31.049669 #33304]  INFO -- : Added item: Оренда: Ціна: 15362 грн, Адреса: Apt. 867 14551 Durgan Summit, Eugeneberg, AK 51252-5374, Площа: 79 м², Кімнат: 2, Зображення: images/ipsa.jpg
I, [2024-11-02T15:34:31.051512 #33304]  INFO -- : Ініціалізовано об'єкт RentalItem з адресою 342 Valeria Forks, South Shanell, OK 77213-1122
I, [2024-11-02T15:34:31.051809 #33304]  INFO -- : Added item: Оренда: Ціна: 17366 грн, Адреса: 342 Valeria Forks, South Shanell, OK 77213-1122, Площа: 174 м², Кімнат: 5, Зображення: images/et.jpg
I, [2024-11-02T15:34:31.055987 #33304]  INFO -- : Ініціалізовано об'єкт RentalItem з адресою 74025 Lupita Drive, Juliobury, OH 58649-4133
I, [2024-11-02T15:34:31.056495 #33304]  INFO -- : Added item: Оренда: Ціна: 17353 грн, Адреса: 74025 Lupita Drive, Juliobury, OH 58649-4133, Площа: 57 м², Кімнат: 3, Зображення: images/doloribus.jpg
I, [2024-11-02T15:34:31.057008 #33304]  INFO -- : Generated 10 test items
I, [2024-11-02T15:34:31.082368 #33304]  INFO -- : Saved items to output/items.txt
I, [2024-11-02T15:34:31.083061 #33304]  INFO -- : Saved items to output/items.json
I, [2024-11-02T15:34:31.084376 #33304]  INFO -- : Saved items to output/items.csv
I, [2024-11-02T15:34:31.100535 #33304]  INFO -- : Saved items to output/items_yml as YAML files
I, [2024-11-02T15:51:18.832415 #3568]  INFO -- : Application started
I, [2024-11-02T15:51:20.504970 #3568]  INFO -- : Ініціалізовано об'єкт RentalItem з адресою Apt. 930 557 Senger Viaduct, Patrickfurt, WA 97805-8063
I, [2024-11-02T15:51:20.505307 #3568]  INFO -- : Створено об'єкт RentalItem: Оренда: Ціна: 7065 грн, Адреса: Apt. 930 557 Senger Viaduct, Patrickfurt, WA 97805-8063, Площа: 91 м², Кімнат: 4, Зображення: images/temporibus.jpg
I, [2024-11-02T15:51:20.506654 #3568]  INFO -- : Initialized Cart instance with output directory: output
I, [2024-11-02T15:51:20.508074 #3568]  INFO -- : Ініціалізовано об'єкт RentalItem з адресою 53796 Jacques River, East Alonsofort, HI 32984
I, [2024-11-02T15:51:20.508421 #3568]  INFO -- : Added item: Оренда: Ціна: 10621 грн, Адреса: 53796 Jacques River, East Alonsofort, HI 32984, Площа: 190 м², Кімнат: 3, Зображення: images/quis.jpg
I, [2024-11-02T15:51:20.510129 #3568]  INFO -- : Ініціалізовано об'єкт RentalItem з адресою 634 Lyndsey Alley, Lake Dorcas, OH 97657-2156
I, [2024-11-02T15:51:20.510758 #3568]  INFO -- : Added item: Оренда: Ціна: 13082 грн, Адреса: 634 Lyndsey Alley, Lake Dorcas, OH 97657-2156, Площа: 111 м², Кімнат: 1, Зображення: images/fugiat.jpg
I, [2024-11-02T15:51:20.511771 #3568]  INFO -- : Ініціалізовано об'єкт RentalItem з адресою 392 Ward Loop, Port Leonardfurt, NY 16468-4268
I, [2024-11-02T15:51:20.512202 #3568]  INFO -- : Added item: Оренда: Ціна: 19512 грн, Адреса: 392 Ward Loop, Port Leonardfurt, NY 16468-4268, Площа: 41 м², Кімнат: 2, Зображення: images/ut.jpg
I, [2024-11-02T15:51:20.513152 #3568]  INFO -- : Ініціалізовано об'єкт RentalItem з адресою 626 Bryant Vista, South Zachery, AR 67839
I, [2024-11-02T15:51:20.513437 #3568]  INFO -- : Added item: Оренда: Ціна: 8619 грн, Адреса: 626 Bryant Vista, South Zachery, AR 67839, Площа: 56 м², Кімнат: 4, Зображення: images/quasi.jpg
I, [2024-11-02T15:51:20.514377 #3568]  INFO -- : Ініціалізовано об'єкт RentalItem з адресою Apt. 938 33877 Sydney Corners, Edwardville, VA 31433
I, [2024-11-02T15:51:20.514601 #3568]  INFO -- : Added item: Оренда: Ціна: 13172 грн, Адреса: Apt. 938 33877 Sydney Corners, Edwardville, VA 31433, Площа: 123 м², Кімнат: 4, Зображення: images/dolorum.jpg
I, [2024-11-02T15:51:20.515508 #3568]  INFO -- : Ініціалізовано об'єкт RentalItem з адресою 2704 Kelsi Ridge, West Nickolas, VA 27304-5614
I, [2024-11-02T15:51:20.515745 #3568]  INFO -- : Added item: Оренда: Ціна: 6219 грн, Адреса: 2704 Kelsi Ridge, West Nickolas, VA 27304-5614, Площа: 187 м², Кімнат: 5, Зображення: images/repellat.jpg
I, [2024-11-02T15:51:20.516994 #3568]  INFO -- : Ініціалізовано об'єкт RentalItem з адресою 6781 Ronnie Overpass, South Danielle, WA 69357
I, [2024-11-02T15:51:20.517365 #3568]  INFO -- : Added item: Оренда: Ціна: 7635 грн, Адреса: 6781 Ronnie Overpass, South Danielle, WA 69357, Площа: 30 м², Кімнат: 5, Зображення: images/et.jpg
I, [2024-11-02T15:51:20.520142 #3568]  INFO -- : Ініціалізовано об'єкт RentalItem з адресою 1357 Xavier Highway, New Nancee, MO 52054
I, [2024-11-02T15:51:20.520376 #3568]  INFO -- : Added item: Оренда: Ціна: 12108 грн, Адреса: 1357 Xavier Highway, New Nancee, MO 52054, Площа: 138 м², Кімнат: 3, Зображення: images/id.jpg
I, [2024-11-02T15:51:20.521566 #3568]  INFO -- : Ініціалізовано об'єкт RentalItem з адресою Apt. 441 8355 Grimes Park, Howestad, VA 90146-4084
I, [2024-11-02T15:51:20.521805 #3568]  INFO -- : Added item: Оренда: Ціна: 19058 грн, Адреса: Apt. 441 8355 Grimes Park, Howestad, VA 90146-4084, Площа: 173 м², Кімнат: 4, Зображення: images/aut.jpg
I, [2024-11-02T15:51:20.522723 #3568]  INFO -- : Ініціалізовано об'єкт RentalItem з адресою 71599 Esteban Stream, Leuschkefurt, DE 89258
I, [2024-11-02T15:51:20.523034 #3568]  INFO -- : Added item: Оренда: Ціна: 16502 грн, Адреса: 71599 Esteban Stream, Leuschkefurt, DE 89258, Площа: 157 м², Кімнат: 4, Зображення: images/vero.jpg
I, [2024-11-02T15:51:20.523374 #3568]  INFO -- : Generated 10 test items
I, [2024-11-02T15:51:20.539914 #3568]  INFO -- : Saved items to output/items.txt
I, [2024-11-02T15:51:20.541280 #3568]  INFO -- : Saved items to output/items.csv
I, [2024-11-02T15:51:20.542227 #3568]  INFO -- : Saved items to output/items.json
I, [2024-11-02T15:51:20.555067 #3568]  INFO -- : Saved items to output/items_yml as YAML files
I, [2024-11-02T15:51:20.607701 #3568]  INFO -- : Application started
I, [2024-11-02T15:51:20.614039 #3568]  INFO -- : Ініціалізовано об'єкт RentalItem з адресою Apt. 617 85122 Lakin Harbor, New Franciscoview, RI 14634
I, [2024-11-02T15:51:20.614464 #3568]  INFO -- : Створено об'єкт RentalItem: Оренда: Ціна: 13414 грн, Адреса: Apt. 617 85122 Lakin Harbor, New Franciscoview, RI 14634, Площа: 148 м², Кімнат: 3, Зображення: images/porro.jpg
I, [2024-11-02T15:51:20.615892 #3568]  INFO -- : Initialized Cart instance with output directory: output
I, [2024-11-02T15:51:20.618015 #3568]  INFO -- : Ініціалізовано об'єкт RentalItem з адресою Suite 789 727 Waelchi Hills, Lake Dulce, VT 97019-6415
I, [2024-11-02T15:51:20.618328 #3568]  INFO -- : Added item: Оренда: Ціна: 17489 грн, Адреса: Suite 789 727 Waelchi Hills, Lake Dulce, VT 97019-6415, Площа: 147 м², Кімнат: 1, Зображення: images/voluptate.jpg
I, [2024-11-02T15:51:20.620816 #3568]  INFO -- : Ініціалізовано об'єкт RentalItem з адресою Suite 836 82741 Charlie Stream, Rachellchester, IL 53282-0791
I, [2024-11-02T15:51:20.621527 #3568]  INFO -- : Added item: Оренда: Ціна: 13824 грн, Адреса: Suite 836 82741 Charlie Stream, Rachellchester, IL 53282-0791, Площа: 104 м², Кімнат: 1, Зображення: images/sapiente.jpg
I, [2024-11-02T15:51:20.624817 #3568]  INFO -- : Ініціалізовано об'єкт RentalItem з адресою 458 Reilly Views, Lake Ellamaetown, NY 63964
I, [2024-11-02T15:51:20.625380 #3568]  INFO -- : Added item: Оренда: Ціна: 16747 грн, Адреса: 458 Reilly Views, Lake Ellamaetown, NY 63964, Площа: 40 м², Кімнат: 4, Зображення: images/magni.jpg
I, [2024-11-02T15:51:20.629944 #3568]  INFO -- : Ініціалізовано об'єкт RentalItem з адресою Suite 453 53105 Sylvester Skyway, Ratkeview, NE 59509
I, [2024-11-02T15:51:20.630214 #3568]  INFO -- : Added item: Оренда: Ціна: 5581 грн, Адреса: Suite 453 53105 Sylvester Skyway, Ratkeview, NE 59509, Площа: 44 м², Кімнат: 4, Зображення: images/neque.jpg
I, [2024-11-02T15:51:20.631951 #3568]  INFO -- : Ініціалізовано об'єкт RentalItem з адресою Suite 846 173 Eli Unions, Lake Sofia, WV 91459-4969
I, [2024-11-02T15:51:20.632375 #3568]  INFO -- : Added item: Оренда: Ціна: 12729 грн, Адреса: Suite 846 173 Eli Unions, Lake Sofia, WV 91459-4969, Площа: 77 м², Кімнат: 1, Зображення: images/quae.jpg
I, [2024-11-02T15:51:20.634912 #3568]  INFO -- : Ініціалізовано об'єкт RentalItem з адресою Suite 747 82654 Thanh Estates, East Carmen, MS 34864-8817
I, [2024-11-02T15:51:20.635223 #3568]  INFO -- : Added item: Оренда: Ціна: 18979 грн, Адреса: Suite 747 82654 Thanh Estates, East Carmen, MS 34864-8817, Площа: 146 м², Кімнат: 5, Зображення: images/optio.jpg
I, [2024-11-02T15:51:20.636668 #3568]  INFO -- : Ініціалізовано об'єкт RentalItem з адресою Suite 294 205 Johnston Vista, Schummview, MS 98756-2692
I, [2024-11-02T15:51:20.637021 #3568]  INFO -- : Added item: Оренда: Ціна: 12847 грн, Адреса: Suite 294 205 Johnston Vista, Schummview, MS 98756-2692, Площа: 173 м², Кімнат: 4, Зображення: images/consequatur.jpg
I, [2024-11-02T15:51:20.638793 #3568]  INFO -- : Ініціалізовано об'єкт RentalItem з адресою 527 Dawn Inlet, South Wm, ND 32064-9069
I, [2024-11-02T15:51:20.639373 #3568]  INFO -- : Added item: Оренда: Ціна: 10636 грн, Адреса: 527 Dawn Inlet, South Wm, ND 32064-9069, Площа: 177 м², Кімнат: 2, Зображення: images/maiores.jpg
I, [2024-11-02T15:51:20.640759 #3568]  INFO -- : Ініціалізовано об'єкт RentalItem з адресою 3274 Jordan Street, Katharynfort, IL 09485-1788
I, [2024-11-02T15:51:20.641077 #3568]  INFO -- : Added item: Оренда: Ціна: 5141 грн, Адреса: 3274 Jordan Street, Katharynfort, IL 09485-1788, Площа: 48 м², Кімнат: 3, Зображення: images/aut.jpg
I, [2024-11-02T15:51:20.641923 #3568]  INFO -- : Ініціалізовано об'єкт RentalItem з адресою 301 Marvin Harbors, Schinnershire, PA 04568
I, [2024-11-02T15:51:20.642255 #3568]  INFO -- : Added item: Оренда: Ціна: 11654 грн, Адреса: 301 Marvin Harbors, Schinnershire, PA 04568, Площа: 101 м², Кімнат: 5, Зображення: images/dolorem.jpg
I, [2024-11-02T15:51:20.642557 #3568]  INFO -- : Generated 10 test items
I, [2024-11-02T15:51:20.661786 #3568]  INFO -- : Saved items to output/items.txt
I, [2024-11-02T15:51:20.662745 #3568]  INFO -- : Saved items to output/items.csv
I, [2024-11-02T15:51:20.663344 #3568]  INFO -- : Saved items to output/items.json
I, [2024-11-02T15:51:20.690561 #3568]  INFO -- : Saved items to output/items_yml as YAML files
I, [2024-11-02T15:51:44.796010 #592]  INFO -- : Application started
I, [2024-11-02T15:51:46.502401 #592]  INFO -- : Ініціалізовано об'єкт RentalItem з адресою 8184 Ashley Causeway, Donnellyborough, DE 15025-3882
I, [2024-11-02T15:51:46.502777 #592]  INFO -- : Створено об'єкт RentalItem: Оренда: Ціна: 17888 грн, Адреса: 8184 Ashley Causeway, Donnellyborough, DE 15025-3882, Площа: 198 м², Кімнат: 5, Зображення: images/voluptas.jpg
I, [2024-11-02T15:51:46.504187 #592]  INFO -- : Initialized Cart instance with output directory: output
I, [2024-11-02T15:51:46.505233 #592]  INFO -- : Ініціалізовано об'єкт RentalItem з адресою Apt. 464 844 O'Connell Ridges, New Kamalafort, RI 89194
I, [2024-11-02T15:51:46.505561 #592]  INFO -- : Added item: Оренда: Ціна: 7805 грн, Адреса: Apt. 464 844 O'Connell Ridges, New Kamalafort, RI 89194, Площа: 32 м², Кімнат: 5, Зображення: images/ut.jpg
I, [2024-11-02T15:51:46.506702 #592]  INFO -- : Ініціалізовано об'єкт RentalItem з адресою 38159 Gislason Meadows, Edwardofort, NE 62925
I, [2024-11-02T15:51:46.506985 #592]  INFO -- : Added item: Оренда: Ціна: 5414 грн, Адреса: 38159 Gislason Meadows, Edwardofort, NE 62925, Площа: 107 м², Кімнат: 4, Зображення: images/est.jpg
I, [2024-11-02T15:51:46.507898 #592]  INFO -- : Ініціалізовано об'єкт RentalItem з адресою 8112 Virgilio Avenue, Harveyton, WV 82405-9860
I, [2024-11-02T15:51:46.508231 #592]  INFO -- : Added item: Оренда: Ціна: 15850 грн, Адреса: 8112 Virgilio Avenue, Harveyton, WV 82405-9860, Площа: 80 м², Кімнат: 2, Зображення: images/natus.jpg
I, [2024-11-02T15:51:46.509215 #592]  INFO -- : Ініціалізовано об'єкт RentalItem з адресою 4499 Nickie Road, Langworthside, LA 03631-1848
I, [2024-11-02T15:51:46.509507 #592]  INFO -- : Added item: Оренда: Ціна: 11429 грн, Адреса: 4499 Nickie Road, Langworthside, LA 03631-1848, Площа: 200 м², Кімнат: 1, Зображення: images/eum.jpg
I, [2024-11-02T15:51:46.510451 #592]  INFO -- : Ініціалізовано об'єкт RentalItem з адресою Suite 714 19146 Davis Locks, East Arliefurt, ND 88206-8727
I, [2024-11-02T15:51:46.510743 #592]  INFO -- : Added item: Оренда: Ціна: 14338 грн, Адреса: Suite 714 19146 Davis Locks, East Arliefurt, ND 88206-8727, Площа: 50 м², Кімнат: 4, Зображення: images/et.jpg
I, [2024-11-02T15:51:46.511799 #592]  INFO -- : Ініціалізовано об'єкт RentalItem з адресою Suite 517 799 Bayer Coves, Seanborough, NV 09978-7571
I, [2024-11-02T15:51:46.512074 #592]  INFO -- : Added item: Оренда: Ціна: 6741 грн, Адреса: Suite 517 799 Bayer Coves, Seanborough, NV 09978-7571, Площа: 155 м², Кімнат: 5, Зображення: images/saepe.jpg
I, [2024-11-02T15:51:46.513280 #592]  INFO -- : Ініціалізовано об'єкт RentalItem з адресою 3540 Elizabet Light, West Wilsonshire, TN 18507
I, [2024-11-02T15:51:46.513522 #592]  INFO -- : Added item: Оренда: Ціна: 11588 грн, Адреса: 3540 Elizabet Light, West Wilsonshire, TN 18507, Площа: 103 м², Кімнат: 2, Зображення: images/eos.jpg
I, [2024-11-02T15:51:46.514320 #592]  INFO -- : Ініціалізовано об'єкт RentalItem з адресою Apt. 685 92201 Schneider Ferry, Lolitaborough, CO 57100-7725
I, [2024-11-02T15:51:46.514612 #592]  INFO -- : Added item: Оренда: Ціна: 19835 грн, Адреса: Apt. 685 92201 Schneider Ferry, Lolitaborough, CO 57100-7725, Площа: 41 м², Кімнат: 4, Зображення: images/magni.jpg
I, [2024-11-02T15:51:46.515433 #592]  INFO -- : Ініціалізовано об'єкт RentalItem з адресою 19747 Bethann Trail, Port Freeman, KY 33642
I, [2024-11-02T15:51:46.515658 #592]  INFO -- : Added item: Оренда: Ціна: 12889 грн, Адреса: 19747 Bethann Trail, Port Freeman, KY 33642, Площа: 197 м², Кімнат: 1, Зображення: images/est.jpg
I, [2024-11-02T15:51:46.516622 #592]  INFO -- : Ініціалізовано об'єкт RentalItem з адресою 2124 Huels Loop, North Hankside, LA 37453
I, [2024-11-02T15:51:46.516830 #592]  INFO -- : Added item: Оренда: Ціна: 13617 грн, Адреса: 2124 Huels Loop, North Hankside, LA 37453, Площа: 135 м², Кімнат: 1, Зображення: images/earum.jpg
I, [2024-11-02T15:51:46.517138 #592]  INFO -- : Generated 10 test items
I, [2024-11-02T15:51:46.534502 #592]  INFO -- : Saved items to output/items.txt
I, [2024-11-02T15:51:46.535797 #592]  INFO -- : Saved items to output/items.csv
I, [2024-11-02T15:51:46.536808 #592]  INFO -- : Saved items to output/items.json
I, [2024-11-02T15:51:46.549284 #592]  INFO -- : Saved items to output/items_yml as YAML files
I, [2024-11-02T15:51:46.571534 #592]  INFO -- : Application started
I, [2024-11-02T15:51:46.604640 #592]  INFO -- : Ініціалізовано об'єкт RentalItem з адресою 21144 Peter Harbors, West Dorthy, LA 67367-9804
I, [2024-11-02T15:51:46.605375 #592]  INFO -- : Створено об'єкт RentalItem: Оренда: Ціна: 15478 грн, Адреса: 21144 Peter Harbors, West Dorthy, LA 67367-9804, Площа: 58 м², Кімнат: 1, Зображення: images/dignissimos.jpg
I, [2024-11-02T15:51:46.608785 #592]  INFO -- : Initialized Cart instance with output directory: output
I, [2024-11-02T15:51:46.611413 #592]  INFO -- : Ініціалізовано об'єкт RentalItem з адресою Suite 356 61910 Fay Curve, McKenzieton, ID 56808-0980
I, [2024-11-02T15:51:46.611771 #592]  INFO -- : Added item: Оренда: Ціна: 5980 грн, Адреса: Suite 356 61910 Fay Curve, McKenzieton, ID 56808-0980, Площа: 72 м², Кімнат: 2, Зображення: images/eum.jpg
I, [2024-11-02T15:51:46.616969 #592]  INFO -- : Ініціалізовано об'єкт RentalItem з адресою Apt. 962 60068 Lindsay Forges, Jennetteberg, GA 42255-1136
I, [2024-11-02T15:51:46.617208 #592]  INFO -- : Added item: Оренда: Ціна: 18768 грн, Адреса: Apt. 962 60068 Lindsay Forges, Jennetteberg, GA 42255-1136, Площа: 82 м², Кімнат: 5, Зображення: images/quidem.jpg
I, [2024-11-02T15:51:46.618068 #592]  INFO -- : Ініціалізовано об'єкт RentalItem з адресою 9048 Lucius Well, Hughtown, MT 25077
I, [2024-11-02T15:51:46.618219 #592]  INFO -- : Added item: Оренда: Ціна: 17550 грн, Адреса: 9048 Lucius Well, Hughtown, MT 25077, Площа: 186 м², Кімнат: 5, Зображення: images/laboriosam.jpg
I, [2024-11-02T15:51:46.619251 #592]  INFO -- : Ініціалізовано об'єкт RentalItem з адресою 304 Bo Point, Lauraleetown, NJ 41877-2936
I, [2024-11-02T15:51:46.619370 #592]  INFO -- : Added item: Оренда: Ціна: 13909 грн, Адреса: 304 Bo Point, Lauraleetown, NJ 41877-2936, Площа: 60 м², Кімнат: 3, Зображення: images/dicta.jpg
I, [2024-11-02T15:51:46.620204 #592]  INFO -- : Ініціалізовано об'єкт RentalItem з адресою Suite 206 24995 Miles Isle, Schultzmouth, UT 00759
I, [2024-11-02T15:51:46.620406 #592]  INFO -- : Added item: Оренда: Ціна: 5330 грн, Адреса: Suite 206 24995 Miles Isle, Schultzmouth, UT 00759, Площа: 41 м², Кімнат: 1, Зображення: images/qui.jpg
I, [2024-11-02T15:51:46.622450 #592]  INFO -- : Ініціалізовано об'єкт RentalItem з адресою 425 Nolan Vista, Jaimestad, MD 23363-1568
I, [2024-11-02T15:51:46.623406 #592]  INFO -- : Added item: Оренда: Ціна: 16041 грн, Адреса: 425 Nolan Vista, Jaimestad, MD 23363-1568, Площа: 121 м², Кімнат: 4, Зображення: images/ab.jpg
I, [2024-11-02T15:51:46.625490 #592]  INFO -- : Ініціалізовано об'єкт RentalItem з адресою 72435 Jaime Centers, West Venessaview, GA 87764
I, [2024-11-02T15:51:46.625809 #592]  INFO -- : Added item: Оренда: Ціна: 17253 грн, Адреса: 72435 Jaime Centers, West Venessaview, GA 87764, Площа: 169 м², Кімнат: 3, Зображення: images/illum.jpg
I, [2024-11-02T15:51:46.627204 #592]  INFO -- : Ініціалізовано об'єкт RentalItem з адресою Apt. 224 71453 Upton Crescent, Welchland, WA 09621-7860
I, [2024-11-02T15:51:46.627538 #592]  INFO -- : Added item: Оренда: Ціна: 9965 грн, Адреса: Apt. 224 71453 Upton Crescent, Welchland, WA 09621-7860, Площа: 135 м², Кімнат: 5, Зображення: images/saepe.jpg
I, [2024-11-02T15:51:46.628706 #592]  INFO -- : Ініціалізовано об'єкт RentalItem з адресою Apt. 825 547 Charlena Plains, Lake Carsonchester, NH 74223-2071
I, [2024-11-02T15:51:46.628959 #592]  INFO -- : Added item: Оренда: Ціна: 17271 грн, Адреса: Apt. 825 547 Charlena Plains, Lake Carsonchester, NH 74223-2071, Площа: 145 м², Кімнат: 3, Зображення: images/et.jpg
I, [2024-11-02T15:51:46.630080 #592]  INFO -- : Ініціалізовано об'єкт RentalItem з адресою 682 Padberg Terrace, East Bobby, AR 86372-2012
I, [2024-11-02T15:51:46.630274 #592]  INFO -- : Added item: Оренда: Ціна: 15815 грн, Адреса: 682 Padberg Terrace, East Bobby, AR 86372-2012, Площа: 163 м², Кімнат: 4, Зображення: images/neque.jpg
I, [2024-11-02T15:51:46.630482 #592]  INFO -- : Generated 10 test items
I, [2024-11-02T15:51:46.646046 #592]  INFO -- : Saved items to output/items.txt
I, [2024-11-02T15:51:46.648229 #592]  INFO -- : Saved items to output/items.csv
I, [2024-11-02T15:51:46.649967 #592]  INFO -- : Saved items to output/items.json
I, [2024-11-02T15:51:46.656198 #592]  INFO -- : Saved items to output/items_yml as YAML files
I, [2024-11-06T10:56:46.899419 #43876]  INFO -- : Application started
I, [2024-11-06T10:56:52.246533 #43876]  INFO -- : Ініціалізовано об'єкт RentalItem з адресою 41993 Rodolfo Road, Gennyfurt, NE 65955-1778
I, [2024-11-06T10:56:52.246852 #43876]  INFO -- : Створено об'єкт RentalItem: Оренда: Ціна: 6594 грн, Адреса: 41993 Rodolfo Road, Gennyfurt, NE 65955-1778, Площа: 54 м², Кімнат: 1, Зображення: images/nobis.jpg
I, [2024-11-06T10:56:52.248221 #43876]  INFO -- : Initialized Cart instance with output directory: output
I, [2024-11-06T10:56:52.249319 #43876]  INFO -- : Ініціалізовано об'єкт RentalItem з адресою Apt. 884 7008 Jenine Camp, New Margueriteland, GA 70615-1201
I, [2024-11-06T10:56:52.249621 #43876]  INFO -- : Added item: Оренда: Ціна: 19102 грн, Адреса: Apt. 884 7008 Jenine Camp, New Margueriteland, GA 70615-1201, Площа: 122 м², Кімнат: 5, Зображення: images/consequatur.jpg
I, [2024-11-06T10:56:52.250592 #43876]  INFO -- : Ініціалізовано об'єкт RentalItem з адресою Suite 210 2531 Okuneva Pass, Lake Niaside, IA 83239
I, [2024-11-06T10:56:52.250857 #43876]  INFO -- : Added item: Оренда: Ціна: 19350 грн, Адреса: Suite 210 2531 Okuneva Pass, Lake Niaside, IA 83239, Площа: 95 м², Кімнат: 5, Зображення: images/libero.jpg
I, [2024-11-06T10:56:52.251728 #43876]  INFO -- : Ініціалізовано об'єкт RentalItem з адресою Suite 280 63005 Tremblay Place, Tremblaychester, ID 60374
I, [2024-11-06T10:56:52.251978 #43876]  INFO -- : Added item: Оренда: Ціна: 16331 грн, Адреса: Suite 280 63005 Tremblay Place, Tremblaychester, ID 60374, Площа: 60 м², Кімнат: 3, Зображення: images/et.jpg
I, [2024-11-06T10:56:52.253928 #43876]  INFO -- : Ініціалізовано об'єкт RentalItem з адресою Suite 995 81316 Walker Islands, Wesleyville, AR 04975-1579
I, [2024-11-06T10:56:52.254251 #43876]  INFO -- : Added item: Оренда: Ціна: 13749 грн, Адреса: Suite 995 81316 Walker Islands, Wesleyville, AR 04975-1579, Площа: 37 м², Кімнат: 4, Зображення: images/aut.jpg
I, [2024-11-06T10:56:52.255338 #43876]  INFO -- : Ініціалізовано об'єкт RentalItem з адресою Apt. 645 579 Kelle Parks, Konopelskifurt, CO 92532
I, [2024-11-06T10:56:52.255569 #43876]  INFO -- : Added item: Оренда: Ціна: 15359 грн, Адреса: Apt. 645 579 Kelle Parks, Konopelskifurt, CO 92532, Площа: 79 м², Кімнат: 1, Зображення: images/iusto.jpg
I, [2024-11-06T10:56:52.256315 #43876]  INFO -- : Ініціалізовано об'єкт RentalItem з адресою 63896 Goldner Pike, Runolfsdottirhaven, CT 62810-5322
I, [2024-11-06T10:56:52.256536 #43876]  INFO -- : Added item: Оренда: Ціна: 10079 грн, Адреса: 63896 Goldner Pike, Runolfsdottirhaven, CT 62810-5322, Площа: 77 м², Кімнат: 1, Зображення: images/nemo.jpg
I, [2024-11-06T10:56:52.257255 #43876]  INFO -- : Ініціалізовано об'єкт RentalItem з адресою 84066 Porter Village, New Odellchester, FL 52323
I, [2024-11-06T10:56:52.257380 #43876]  INFO -- : Added item: Оренда: Ціна: 6091 грн, Адреса: 84066 Porter Village, New Odellchester, FL 52323, Площа: 118 м², Кімнат: 5, Зображення: images/voluptates.jpg
I, [2024-11-06T10:56:52.257954 #43876]  INFO -- : Ініціалізовано об'єкт RentalItem з адресою 90279 Haley Harbors, New Brenton, MO 56130
I, [2024-11-06T10:56:52.258200 #43876]  INFO -- : Added item: Оренда: Ціна: 17274 грн, Адреса: 90279 Haley Harbors, New Brenton, MO 56130, Площа: 183 м², Кімнат: 2, Зображення: images/vitae.jpg
I, [2024-11-06T10:56:52.259309 #43876]  INFO -- : Ініціалізовано об'єкт RentalItem з адресою 25420 Hortensia Meadow, South Ramiro, NE 53817-6302
I, [2024-11-06T10:56:52.259562 #43876]  INFO -- : Added item: Оренда: Ціна: 11863 грн, Адреса: 25420 Hortensia Meadow, South Ramiro, NE 53817-6302, Площа: 145 м², Кімнат: 1, Зображення: images/nam.jpg
I, [2024-11-06T10:56:52.260312 #43876]  INFO -- : Ініціалізовано об'єкт RentalItem з адресою Suite 893 6328 Lueilwitz Meadow, Lake Stephanymouth, CT 39788-3370
I, [2024-11-06T10:56:52.260397 #43876]  INFO -- : Added item: Оренда: Ціна: 11622 грн, Адреса: Suite 893 6328 Lueilwitz Meadow, Lake Stephanymouth, CT 39788-3370, Площа: 192 м², Кімнат: 1, Зображення: images/dolor.jpg
I, [2024-11-06T10:56:52.260528 #43876]  INFO -- : Generated 10 test items
I, [2024-11-06T10:56:52.266670 #43876]  INFO -- : Saved items to output/items.txt
I, [2024-11-06T10:56:52.267366 #43876]  INFO -- : Saved items to output/items.csv
I, [2024-11-06T10:56:52.267931 #43876]  INFO -- : Saved items to output/items.json
I, [2024-11-06T10:56:52.272871 #43876]  INFO -- : Saved items to output/items_yml as YAML files
I, [2024-11-06T10:58:03.160662 #47028]  INFO -- : Application started
I, [2024-11-06T10:58:04.263965 #47028]  INFO -- : Ініціалізовано об'єкт RentalItem з адресою 31835 Hackett Mill, Port Yasmin, NC 31950-3306
I, [2024-11-06T10:58:04.264208 #47028]  INFO -- : Створено об'єкт RentalItem: Оренда: Ціна: 13165 грн, Адреса: 31835 Hackett Mill, Port Yasmin, NC 31950-3306, Площа: 107 м², Кімнат: 2, Зображення: images/non.jpg
I, [2024-11-06T10:58:04.265301 #47028]  INFO -- : Initialized Cart instance with output directory: output
I, [2024-11-06T10:58:04.266060 #47028]  INFO -- : Ініціалізовано об'єкт RentalItem з адресою 624 Verla Dale, Port Annamarie, NM 35254-1306
I, [2024-11-06T10:58:04.266297 #47028]  INFO -- : Added item: Оренда: Ціна: 14614 грн, Адреса: 624 Verla Dale, Port Annamarie, NM 35254-1306, Площа: 77 м², Кімнат: 4, Зображення: images/reiciendis.jpg
I, [2024-11-06T10:58:04.266973 #47028]  INFO -- : Ініціалізовано об'єкт RentalItem з адресою 49407 Ashley Parkway, Juanview, ID 34163-9890
I, [2024-11-06T10:58:04.267161 #47028]  INFO -- : Added item: Оренда: Ціна: 15043 грн, Адреса: 49407 Ashley Parkway, Juanview, ID 34163-9890, Площа: 138 м², Кімнат: 1, Зображення: images/adipisci.jpg
I, [2024-11-06T10:58:04.267801 #47028]  INFO -- : Ініціалізовано об'єкт RentalItem з адресою Suite 416 61376 Hung Garden, Cristborough, AL 37695
I, [2024-11-06T10:58:04.267998 #47028]  INFO -- : Added item: Оренда: Ціна: 7194 грн, Адреса: Suite 416 61376 Hung Garden, Cristborough, AL 37695, Площа: 197 м², Кімнат: 3, Зображення: images/earum.jpg
I, [2024-11-06T10:58:04.268916 #47028]  INFO -- : Ініціалізовано об'єкт RentalItem з адресою 5238 Christian Branch, South Marceneshire, IA 45985
I, [2024-11-06T10:58:04.269166 #47028]  INFO -- : Added item: Оренда: Ціна: 9613 грн, Адреса: 5238 Christian Branch, South Marceneshire, IA 45985, Площа: 124 м², Кімнат: 3, Зображення: images/fuga.jpg
I, [2024-11-06T10:58:04.269908 #47028]  INFO -- : Ініціалізовано об'єкт RentalItem з адресою Suite 252 751 Joel River, New Harleyport, FL 88544-7948
I, [2024-11-06T10:58:04.270115 #47028]  INFO -- : Added item: Оренда: Ціна: 16310 грн, Адреса: Suite 252 751 Joel River, New Harleyport, FL 88544-7948, Площа: 147 м², Кімнат: 2, Зображення: images/aperiam.jpg
I, [2024-11-06T10:58:04.270612 #47028]  INFO -- : Ініціалізовано об'єкт RentalItem з адресою Suite 224 927 Heller Square, Loweside, VA 82573
I, [2024-11-06T10:58:04.270820 #47028]  INFO -- : Added item: Оренда: Ціна: 8855 грн, Адреса: Suite 224 927 Heller Square, Loweside, VA 82573, Площа: 133 м², Кімнат: 5, Зображення: images/vero.jpg
I, [2024-11-06T10:58:04.271570 #47028]  INFO -- : Ініціалізовано об'єкт RentalItem з адресою 80456 Marlon Harbor, New Terisaview, RI 25076
I, [2024-11-06T10:58:04.271769 #47028]  INFO -- : Added item: Оренда: Ціна: 15793 грн, Адреса: 80456 Marlon Harbor, New Terisaview, RI 25076, Площа: 154 м², Кімнат: 1, Зображення: images/in.jpg
I, [2024-11-06T10:58:04.272623 #47028]  INFO -- : Ініціалізовано об'єкт RentalItem з адресою Suite 153 139 Bosco Lakes, Port Isaacberg, AR 13293
I, [2024-11-06T10:58:04.272829 #47028]  INFO -- : Added item: Оренда: Ціна: 15628 грн, Адреса: Suite 153 139 Bosco Lakes, Port Isaacberg, AR 13293, Площа: 69 м², Кімнат: 4, Зображення: images/ut.jpg
I, [2024-11-06T10:58:04.273554 #47028]  INFO -- : Ініціалізовано об'єкт RentalItem з адресою Apt. 638 75550 Susann Lakes, Jennellmouth, IN 88509-0081
I, [2024-11-06T10:58:04.273794 #47028]  INFO -- : Added item: Оренда: Ціна: 19922 грн, Адреса: Apt. 638 75550 Susann Lakes, Jennellmouth, IN 88509-0081, Площа: 72 м², Кімнат: 4, Зображення: images/nobis.jpg
I, [2024-11-06T10:58:04.274810 #47028]  INFO -- : Ініціалізовано об'єкт RentalItem з адресою Suite 804 3379 Edgardo Forks, Huelshire, VA 61013-4866
I, [2024-11-06T10:58:04.275158 #47028]  INFO -- : Added item: Оренда: Ціна: 10555 грн, Адреса: Suite 804 3379 Edgardo Forks, Huelshire, VA 61013-4866, Площа: 71 м², Кімнат: 2, Зображення: images/optio.jpg
I, [2024-11-06T10:58:04.275398 #47028]  INFO -- : Generated 10 test items
I, [2024-11-06T10:58:04.282573 #47028]  INFO -- : Saved items to output/items.txt
I, [2024-11-06T10:58:04.283111 #47028]  INFO -- : Saved items to output/items.csv
I, [2024-11-06T10:58:04.283448 #47028]  INFO -- : Saved items to output/items.json
I, [2024-11-06T10:58:04.287536 #47028]  INFO -- : Saved items to output/items_yml as YAML files
I, [2024-11-06T10:59:05.475379 #38060]  INFO -- : Application started
I, [2024-11-06T10:59:06.726947 #38060]  INFO -- : Ініціалізовано об'єкт RentalItem з адресою 764 Michel Pine, Lake Margy, MT 78687
I, [2024-11-06T10:59:06.727213 #38060]  INFO -- : Створено об'єкт RentalItem: Оренда: Ціна: 12622 грн, Адреса: 764 Michel Pine, Lake Margy, MT 78687, Площа: 108 м², Кімнат: 1, Зображення: images/accusamus.jpg
I, [2024-11-06T10:59:06.728494 #38060]  INFO -- : Initialized Cart instance with output directory: output
I, [2024-11-06T10:59:06.729339 #38060]  INFO -- : Ініціалізовано об'єкт RentalItem з адресою 246 Howe Parkways, South Tami, CO 33322
I, [2024-11-06T10:59:06.729602 #38060]  INFO -- : Added item: Оренда: Ціна: 6754 грн, Адреса: 246 Howe Parkways, South Tami, CO 33322, Площа: 144 м², Кімнат: 1, Зображення: images/exercitationem.jpg
I, [2024-11-06T10:59:06.730370 #38060]  INFO -- : Ініціалізовано об'єкт RentalItem з адресою 9335 Harris Plaza, New Forrestton, NY 21642
I, [2024-11-06T10:59:06.730610 #38060]  INFO -- : Added item: Оренда: Ціна: 6022 грн, Адреса: 9335 Harris Plaza, New Forrestton, NY 21642, Площа: 171 м², Кімнат: 3, Зображення: images/odit.jpg
I, [2024-11-06T10:59:06.731320 #38060]  INFO -- : Ініціалізовано об'єкт RentalItem з адресою Apt. 669 390 Kuphal Terrace, East Rodney, TN 08486
I, [2024-11-06T10:59:06.731549 #38060]  INFO -- : Added item: Оренда: Ціна: 17738 грн, Адреса: Apt. 669 390 Kuphal Terrace, East Rodney, TN 08486, Площа: 42 м², Кімнат: 4, Зображення: images/atque.jpg
I, [2024-11-06T10:59:06.732239 #38060]  INFO -- : Ініціалізовано об'єкт RentalItem з адресою Apt. 420 849 Green Glen, Trentbury, VA 05090
I, [2024-11-06T10:59:06.732453 #38060]  INFO -- : Added item: Оренда: Ціна: 7330 грн, Адреса: Apt. 420 849 Green Glen, Trentbury, VA 05090, Площа: 105 м², Кімнат: 1, Зображення: images/est.jpg
I, [2024-11-06T10:59:06.733193 #38060]  INFO -- : Ініціалізовано об'єкт RentalItem з адресою 33352 Donovan Junction, New Genevieveshire, NH 45362-4264
I, [2024-11-06T10:59:06.733619 #38060]  INFO -- : Added item: Оренда: Ціна: 7968 грн, Адреса: 33352 Donovan Junction, New Genevieveshire, NH 45362-4264, Площа: 97 м², Кімнат: 5, Зображення: images/quo.jpg
I, [2024-11-06T10:59:06.734192 #38060]  INFO -- : Ініціалізовано об'єкт RentalItem з адресою 38870 Susann Shoals, Kandicemouth, ID 91476
I, [2024-11-06T10:59:06.734266 #38060]  INFO -- : Added item: Оренда: Ціна: 8207 грн, Адреса: 38870 Susann Shoals, Kandicemouth, ID 91476, Площа: 44 м², Кімнат: 3, Зображення: images/tenetur.jpg
I, [2024-11-06T10:59:06.734851 #38060]  INFO -- : Ініціалізовано об'єкт RentalItem з адресою 24228 Brandon Forges, New Lionelfort, WV 28843
I, [2024-11-06T10:59:06.734924 #38060]  INFO -- : Added item: Оренда: Ціна: 17353 грн, Адреса: 24228 Brandon Forges, New Lionelfort, WV 28843, Площа: 170 м², Кімнат: 2, Зображення: images/doloribus.jpg
I, [2024-11-06T10:59:06.735732 #38060]  INFO -- : Ініціалізовано об'єкт RentalItem з адресою 84965 Reichert Roads, Port Corychester, CO 04962
I, [2024-11-06T10:59:06.735810 #38060]  INFO -- : Added item: Оренда: Ціна: 16405 грн, Адреса: 84965 Reichert Roads, Port Corychester, CO 04962, Площа: 194 м², Кімнат: 1, Зображення: images/quo.jpg
I, [2024-11-06T10:59:06.736314 #38060]  INFO -- : Ініціалізовано об'єкт RentalItem з адресою 69911 Balistreri Courts, Wisokytown, MS 18414-5144
I, [2024-11-06T10:59:06.736427 #38060]  INFO -- : Added item: Оренда: Ціна: 18619 грн, Адреса: 69911 Balistreri Courts, Wisokytown, MS 18414-5144, Площа: 140 м², Кімнат: 1, Зображення: images/est.jpg
I, [2024-11-06T10:59:06.737337 #38060]  INFO -- : Ініціалізовано об'єкт RentalItem з адресою Apt. 421 7438 Meredith Parks, New Stanton, WY 43963-3142
I, [2024-11-06T10:59:06.737630 #38060]  INFO -- : Added item: Оренда: Ціна: 13088 грн, Адреса: Apt. 421 7438 Meredith Parks, New Stanton, WY 43963-3142, Площа: 183 м², Кімнат: 1, Зображення: images/sequi.jpg
I, [2024-11-06T10:59:06.737723 #38060]  INFO -- : Generated 10 test items
I, [2024-11-06T10:59:06.749175 #38060]  INFO -- : Saved items to output/items.txt
I, [2024-11-06T10:59:06.749828 #38060]  INFO -- : Saved items to output/items.csv
I, [2024-11-06T10:59:06.750289 #38060]  INFO -- : Saved items to output/items.json
I, [2024-11-06T10:59:06.763749 #38060]  INFO -- : Saved items to output/items_yml as YAML files
I, [2024-11-06T11:02:15.153020 #50004]  INFO -- : Application started
I, [2024-11-06T11:02:16.271522 #50004]  INFO -- : Ініціалізовано об'єкт RentalItem з адресою 3403 Yuriko Pass, Port Edward, WY 28900
I, [2024-11-06T11:02:16.271851 #50004]  INFO -- : Створено об'єкт RentalItem: Оренда: Ціна: 6713 грн, Адреса: 3403 Yuriko Pass, Port Edward, WY 28900, Площа: 94 м², Кімнат: 5, Зображення: images/ut.jpg
I, [2024-11-06T11:02:16.273147 #50004]  INFO -- : Initialized Cart instance with output directory: output
I, [2024-11-06T11:02:16.273872 #50004]  INFO -- : Ініціалізовано об'єкт RentalItem з адресою 967 Spinka Walk, Lake Randolphland, NM 87834
I, [2024-11-06T11:02:16.274148 #50004]  INFO -- : Added item: Оренда: Ціна: 15861 грн, Адреса: 967 Spinka Walk, Lake Randolphland, NM 87834, Площа: 160 м², Кімнат: 1, Зображення: images/qui.jpg
I, [2024-11-06T11:02:16.274885 #50004]  INFO -- : Ініціалізовано об'єкт RentalItem з адресою Apt. 934 40914 Murray Parkways, Rippinchester, VA 97503
I, [2024-11-06T11:02:16.275153 #50004]  INFO -- : Added item: Оренда: Ціна: 9649 грн, Адреса: Apt. 934 40914 Murray Parkways, Rippinchester, VA 97503, Площа: 30 м², Кімнат: 5, Зображення: images/at.jpg
I, [2024-11-06T11:02:16.275803 #50004]  INFO -- : Ініціалізовано об'єкт RentalItem з адресою 13579 Keebler Bypass, North Valentine, MT 60337-9694
I, [2024-11-06T11:02:16.276055 #50004]  INFO -- : Added item: Оренда: Ціна: 6407 грн, Адреса: 13579 Keebler Bypass, North Valentine, MT 60337-9694, Площа: 66 м², Кімнат: 1, Зображення: images/occaecati.jpg
I, [2024-11-06T11:02:16.276866 #50004]  INFO -- : Ініціалізовано об'єкт RentalItem з адресою 2423 Kathryn Forge, North Despina, RI 80497-6346
I, [2024-11-06T11:02:16.277115 #50004]  INFO -- : Added item: Оренда: Ціна: 19159 грн, Адреса: 2423 Kathryn Forge, North Despina, RI 80497-6346, Площа: 69 м², Кімнат: 4, Зображення: images/ea.jpg
I, [2024-11-06T11:02:16.277824 #50004]  INFO -- : Ініціалізовано об'єкт RentalItem з адресою 761 Cronin Port, Myriamchester, DE 43577
I, [2024-11-06T11:02:16.278240 #50004]  INFO -- : Added item: Оренда: Ціна: 11722 грн, Адреса: 761 Cronin Port, Myriamchester, DE 43577, Площа: 135 м², Кімнат: 2, Зображення: images/reiciendis.jpg
I, [2024-11-06T11:02:16.279142 #50004]  INFO -- : Ініціалізовано об'єкт RentalItem з адресою Suite 784 292 Jonie Meadow, North Molliebury, OK 14977
I, [2024-11-06T11:02:16.279452 #50004]  INFO -- : Added item: Оренда: Ціна: 13596 грн, Адреса: Suite 784 292 Jonie Meadow, North Molliebury, OK 14977, Площа: 78 м², Кімнат: 3, Зображення: images/cumque.jpg
I, [2024-11-06T11:02:16.280380 #50004]  INFO -- : Ініціалізовано об'єкт RentalItem з адресою 8617 Alphonso Course, Orenview, GA 78892-3819
I, [2024-11-06T11:02:16.280705 #50004]  INFO -- : Added item: Оренда: Ціна: 13176 грн, Адреса: 8617 Alphonso Course, Orenview, GA 78892-3819, Площа: 73 м², Кімнат: 1, Зображення: images/laudantium.jpg
I, [2024-11-06T11:02:16.281976 #50004]  INFO -- : Ініціалізовано об'єкт RentalItem з адресою 180 Daren Crescent, Port Madelinemouth, MN 77586-5291
I, [2024-11-06T11:02:16.282198 #50004]  INFO -- : Added item: Оренда: Ціна: 8597 грн, Адреса: 180 Daren Crescent, Port Madelinemouth, MN 77586-5291, Площа: 155 м², Кімнат: 1, Зображення: images/qui.jpg
I, [2024-11-06T11:02:16.282848 #50004]  INFO -- : Ініціалізовано об'єкт RentalItem з адресою 7551 Batz River, Kemmerborough, IL 63716
I, [2024-11-06T11:02:16.283039 #50004]  INFO -- : Added item: Оренда: Ціна: 17702 грн, Адреса: 7551 Batz River, Kemmerborough, IL 63716, Площа: 167 м², Кімнат: 5, Зображення: images/ab.jpg
I, [2024-11-06T11:02:16.283763 #50004]  INFO -- : Ініціалізовано об'єкт RentalItem з адресою Suite 571 49558 Denny Park, Brakusberg, IA 07726
I, [2024-11-06T11:02:16.283950 #50004]  INFO -- : Added item: Оренда: Ціна: 19316 грн, Адреса: Suite 571 49558 Denny Park, Brakusberg, IA 07726, Площа: 137 м², Кімнат: 4, Зображення: images/consequuntur.jpg
I, [2024-11-06T11:02:16.284141 #50004]  INFO -- : Generated 10 test items
I, [2024-11-06T11:02:16.293794 #50004]  INFO -- : Saved items to output/items.txt
I, [2024-11-06T11:02:16.294359 #50004]  INFO -- : Saved items to output/items.csv
I, [2024-11-06T11:02:16.294651 #50004]  INFO -- : Saved items to output/items.json
I, [2024-11-06T11:02:16.298850 #50004]  INFO -- : Saved items to output/items_yml as YAML files
I, [2024-11-06T11:02:19.804391 #50004]  INFO -- : Application started
I, [2024-11-06T11:02:19.817703 #50004]  INFO -- : Ініціалізовано об'єкт RentalItem з адресою 421 Augusta Key, Lake Osvaldo, MO 74198
I, [2024-11-06T11:02:19.818138 #50004]  INFO -- : Створено об'єкт RentalItem: Оренда: Ціна: 10917 грн, Адреса: 421 Augusta Key, Lake Osvaldo, MO 74198, Площа: 99 м², Кімнат: 5, Зображення: images/voluptas.jpg
I, [2024-11-06T11:02:19.820043 #50004]  INFO -- : Initialized Cart instance with output directory: output
I, [2024-11-06T11:02:19.821651 #50004]  INFO -- : Ініціалізовано об'єкт RentalItem з адресою Suite 967 7516 Darnell Course, O'Keefefort, ME 93334
I, [2024-11-06T11:02:19.822013 #50004]  INFO -- : Added item: Оренда: Ціна: 12529 грн, Адреса: Suite 967 7516 Darnell Course, O'Keefefort, ME 93334, Площа: 86 м², Кімнат: 3, Зображення: images/est.jpg
I, [2024-11-06T11:02:19.824181 #50004]  INFO -- : Ініціалізовано об'єкт RentalItem з адресою 199 Sanford Coves, South Seanfurt, IA 89383
I, [2024-11-06T11:02:19.824496 #50004]  INFO -- : Added item: Оренда: Ціна: 8431 грн, Адреса: 199 Sanford Coves, South Seanfurt, IA 89383, Площа: 115 м², Кімнат: 1, Зображення: images/ea.jpg
I, [2024-11-06T11:02:19.827231 #50004]  INFO -- : Ініціалізовано об'єкт RentalItem з адресою 614 Karma Dale, Larryhaven, ME 46771
I, [2024-11-06T11:02:19.827531 #50004]  INFO -- : Added item: Оренда: Ціна: 14013 грн, Адреса: 614 Karma Dale, Larryhaven, ME 46771, Площа: 104 м², Кімнат: 4, Зображення: images/quasi.jpg
I, [2024-11-06T11:02:19.829317 #50004]  INFO -- : Ініціалізовано об'єкт RentalItem з адресою Apt. 222 133 Fleta Causeway, East Reaganport, NM 96463-2243
I, [2024-11-06T11:02:19.829574 #50004]  INFO -- : Added item: Оренда: Ціна: 7911 грн, Адреса: Apt. 222 133 Fleta Causeway, East Reaganport, NM 96463-2243, Площа: 85 м², Кімнат: 5, Зображення: images/esse.jpg
I, [2024-11-06T11:02:19.830590 #50004]  INFO -- : Ініціалізовано об'єкт RentalItem з адресою Suite 121 14532 Vandervort Hollow, Alinetown, VT 01532-0789
I, [2024-11-06T11:02:19.830838 #50004]  INFO -- : Added item: Оренда: Ціна: 10910 грн, Адреса: Suite 121 14532 Vandervort Hollow, Alinetown, VT 01532-0789, Площа: 174 м², Кімнат: 1, Зображення: images/sint.jpg
I, [2024-11-06T11:02:19.831755 #50004]  INFO -- : Ініціалізовано об'єкт RentalItem з адресою Apt. 337 602 Pearly Locks, Port Kasandraville, IL 12803
I, [2024-11-06T11:02:19.831913 #50004]  INFO -- : Added item: Оренда: Ціна: 13788 грн, Адреса: Apt. 337 602 Pearly Locks, Port Kasandraville, IL 12803, Площа: 155 м², Кімнат: 1, Зображення: images/optio.jpg
I, [2024-11-06T11:02:19.832962 #50004]  INFO -- : Ініціалізовано об'єкт RentalItem з адресою Suite 190 46775 Rempel Walks, Claystad, ME 32515-6526
I, [2024-11-06T11:02:19.833153 #50004]  INFO -- : Added item: Оренда: Ціна: 10310 грн, Адреса: Suite 190 46775 Rempel Walks, Claystad, ME 32515-6526, Площа: 169 м², Кімнат: 5, Зображення: images/dicta.jpg
I, [2024-11-06T11:02:19.834514 #50004]  INFO -- : Ініціалізовано об'єкт RentalItem з адресою 6614 Caprice Junction, North Kentburgh, NJ 51693
I, [2024-11-06T11:02:19.834860 #50004]  INFO -- : Added item: Оренда: Ціна: 14454 грн, Адреса: 6614 Caprice Junction, North Kentburgh, NJ 51693, Площа: 85 м², Кімнат: 4, Зображення: images/ducimus.jpg
I, [2024-11-06T11:02:19.835738 #50004]  INFO -- : Ініціалізовано об'єкт RentalItem з адресою 26656 Arturo Gardens, Lake Janellaberg, SC 46195
I, [2024-11-06T11:02:19.835850 #50004]  INFO -- : Added item: Оренда: Ціна: 19840 грн, Адреса: 26656 Arturo Gardens, Lake Janellaberg, SC 46195, Площа: 171 м², Кімнат: 5, Зображення: images/pariatur.jpg
I, [2024-11-06T11:02:19.836515 #50004]  INFO -- : Ініціалізовано об'єкт RentalItem з адресою Apt. 165 38162 Tricia Burgs, Dominiquebury, OK 32689-0609
I, [2024-11-06T11:02:19.836593 #50004]  INFO -- : Added item: Оренда: Ціна: 15220 грн, Адреса: Apt. 165 38162 Tricia Burgs, Dominiquebury, OK 32689-0609, Площа: 137 м², Кімнат: 1, Зображення: images/nihil.jpg
I, [2024-11-06T11:02:19.836696 #50004]  INFO -- : Generated 10 test items
I, [2024-11-06T11:02:19.843933 #50004]  INFO -- : Saved items to output/items.txt
I, [2024-11-06T11:02:19.845117 #50004]  INFO -- : Saved items to output/items.csv
I, [2024-11-06T11:02:19.845703 #50004]  INFO -- : Saved items to output/items.json
I, [2024-11-06T11:02:19.850081 #50004]  INFO -- : Saved items to output/items_yml as YAML files
I, [2024-11-06T11:02:38.939726 #50492]  INFO -- : Application started
I, [2024-11-06T11:02:40.034384 #50492]  INFO -- : Ініціалізовано об'єкт RentalItem з адресою 29678 Schinner Ports, North Maxwell, MN 13787
I, [2024-11-06T11:02:40.034753 #50492]  INFO -- : Створено об'єкт RentalItem: Оренда: Ціна: 18595 грн, Адреса: 29678 Schinner Ports, North Maxwell, MN 13787, Площа: 119 м², Кімнат: 5, Зображення: images/maxime.jpg
I, [2024-11-06T11:02:40.036135 #50492]  INFO -- : Initialized Cart instance with output directory: output
I, [2024-11-06T11:02:40.037027 #50492]  INFO -- : Ініціалізовано об'єкт RentalItem з адресою 672 Janis Park, North Irish, GA 35462
I, [2024-11-06T11:02:40.037270 #50492]  INFO -- : Added item: Оренда: Ціна: 17329 грн, Адреса: 672 Janis Park, North Irish, GA 35462, Площа: 40 м², Кімнат: 4, Зображення: images/architecto.jpg
I, [2024-11-06T11:02:40.038065 #50492]  INFO -- : Ініціалізовано об'єкт RentalItem з адресою Apt. 323 64920 Terresa Summit, Pacochaport, DE 25772
I, [2024-11-06T11:02:40.038375 #50492]  INFO -- : Added item: Оренда: Ціна: 17680 грн, Адреса: Apt. 323 64920 Terresa Summit, Pacochaport, DE 25772, Площа: 142 м², Кімнат: 2, Зображення: images/dolores.jpg
I, [2024-11-06T11:02:40.038995 #50492]  INFO -- : Ініціалізовано об'єкт RentalItem з адресою 547 Rutherford Plains, Louiefurt, LA 52158
I, [2024-11-06T11:02:40.039266 #50492]  INFO -- : Added item: Оренда: Ціна: 16237 грн, Адреса: 547 Rutherford Plains, Louiefurt, LA 52158, Площа: 91 м², Кімнат: 4, Зображення: images/velit.jpg
I, [2024-11-06T11:02:40.039993 #50492]  INFO -- : Ініціалізовано об'єкт RentalItem з адресою Apt. 650 39708 Brown Hills, Dominiqueport, IN 97544
I, [2024-11-06T11:02:40.040261 #50492]  INFO -- : Added item: Оренда: Ціна: 10655 грн, Адреса: Apt. 650 39708 Brown Hills, Dominiqueport, IN 97544, Площа: 182 м², Кімнат: 2, Зображення: images/in.jpg
I, [2024-11-06T11:02:40.040991 #50492]  INFO -- : Ініціалізовано об'єкт RentalItem з адресою Suite 283 2301 Adrian Shores, Manview, MA 70697
I, [2024-11-06T11:02:40.041214 #50492]  INFO -- : Added item: Оренда: Ціна: 19475 грн, Адреса: Suite 283 2301 Adrian Shores, Manview, MA 70697, Площа: 74 м², Кімнат: 1, Зображення: images/quaerat.jpg
I, [2024-11-06T11:02:40.041899 #50492]  INFO -- : Ініціалізовано об'єкт RentalItem з адресою 73061 Champlin Wall, West Bernardashire, ND 82070
I, [2024-11-06T11:02:40.042078 #50492]  INFO -- : Added item: Оренда: Ціна: 19824 грн, Адреса: 73061 Champlin Wall, West Bernardashire, ND 82070, Площа: 64 м², Кімнат: 5, Зображення: images/optio.jpg
I, [2024-11-06T11:02:40.042954 #50492]  INFO -- : Ініціалізовано об'єкт RentalItem з адресою Apt. 729 6760 Runolfsson Vista, Lake Onie, IN 31815-3928
I, [2024-11-06T11:02:40.043215 #50492]  INFO -- : Added item: Оренда: Ціна: 5703 грн, Адреса: Apt. 729 6760 Runolfsson Vista, Lake Onie, IN 31815-3928, Площа: 123 м², Кімнат: 3, Зображення: images/dolores.jpg
I, [2024-11-06T11:02:40.043909 #50492]  INFO -- : Ініціалізовано об'єкт RentalItem з адресою 7286 Paul Union, Port Stephanbury, OH 65171
I, [2024-11-06T11:02:40.044081 #50492]  INFO -- : Added item: Оренда: Ціна: 17030 грн, Адреса: 7286 Paul Union, Port Stephanbury, OH 65171, Площа: 113 м², Кімнат: 2, Зображення: images/eius.jpg
I, [2024-11-06T11:02:40.044703 #50492]  INFO -- : Ініціалізовано об'єкт RentalItem з адресою Apt. 362 3310 Jetta Summit, Creminmouth, KY 94988
I, [2024-11-06T11:02:40.044915 #50492]  INFO -- : Added item: Оренда: Ціна: 6330 грн, Адреса: Apt. 362 3310 Jetta Summit, Creminmouth, KY 94988, Площа: 181 м², Кімнат: 2, Зображення: images/veniam.jpg
I, [2024-11-06T11:02:40.045823 #50492]  INFO -- : Ініціалізовано об'єкт RentalItem з адресою Suite 963 6901 Rutherford Ford, Synthiastad, OK 21141-4531
I, [2024-11-06T11:02:40.046217 #50492]  INFO -- : Added item: Оренда: Ціна: 18744 грн, Адреса: Suite 963 6901 Rutherford Ford, Synthiastad, OK 21141-4531, Площа: 100 м², Кімнат: 3, Зображення: images/aperiam.jpg
I, [2024-11-06T11:02:40.046445 #50492]  INFO -- : Generated 10 test items
I, [2024-11-06T11:02:40.055867 #50492]  INFO -- : Saved items to output/items.txt
I, [2024-11-06T11:02:40.056670 #50492]  INFO -- : Saved items to output/items.csv
I, [2024-11-06T11:02:40.057153 #50492]  INFO -- : Saved items to output/items.json
I, [2024-11-06T11:02:40.061463 #50492]  INFO -- : Saved items to output/items_yml as YAML files
I, [2024-11-06T11:02:43.430226 #50492]  INFO -- : Application started
I, [2024-11-06T11:02:43.444392 #50492]  INFO -- : Ініціалізовано об'єкт RentalItem з адресою 795 Runolfsson Ville, Port Sidneyside, TN 62692
I, [2024-11-06T11:02:43.444845 #50492]  INFO -- : Створено об'єкт RentalItem: Оренда: Ціна: 16945 грн, Адреса: 795 Runolfsson Ville, Port Sidneyside, TN 62692, Площа: 148 м², Кімнат: 3, Зображення: images/veniam.jpg
I, [2024-11-06T11:02:43.446639 #50492]  INFO -- : Initialized Cart instance with output directory: output
I, [2024-11-06T11:02:43.448593 #50492]  INFO -- : Ініціалізовано об'єкт RentalItem з адресою Apt. 831 27625 Evelyn Oval, West Dwayne, MT 69297
I, [2024-11-06T11:02:43.448975 #50492]  INFO -- : Added item: Оренда: Ціна: 8561 грн, Адреса: Apt. 831 27625 Evelyn Oval, West Dwayne, MT 69297, Площа: 186 м², Кімнат: 2, Зображення: images/qui.jpg
I, [2024-11-06T11:02:43.451768 #50492]  INFO -- : Ініціалізовано об'єкт RentalItem з адресою 66579 Rebekah Island, Port Joella, VA 80807
I, [2024-11-06T11:02:43.452486 #50492]  INFO -- : Added item: Оренда: Ціна: 18711 грн, Адреса: 66579 Rebekah Island, Port Joella, VA 80807, Площа: 185 м², Кімнат: 1, Зображення: images/modi.jpg
I, [2024-11-06T11:02:43.454133 #50492]  INFO -- : Ініціалізовано об'єкт RentalItem з адресою 26171 Stracke Point, Johnsonfurt, LA 81314-6840
I, [2024-11-06T11:02:43.454479 #50492]  INFO -- : Added item: Оренда: Ціна: 7397 грн, Адреса: 26171 Stracke Point, Johnsonfurt, LA 81314-6840, Площа: 121 м², Кімнат: 3, Зображення: images/quam.jpg
I, [2024-11-06T11:02:43.455542 #50492]  INFO -- : Ініціалізовано об'єкт RentalItem з адресою 1122 Robel Rue, North Dee, CO 88898-3429
I, [2024-11-06T11:02:43.455875 #50492]  INFO -- : Added item: Оренда: Ціна: 8985 грн, Адреса: 1122 Robel Rue, North Dee, CO 88898-3429, Площа: 170 м², Кімнат: 2, Зображення: images/ea.jpg
I, [2024-11-06T11:02:43.457160 #50492]  INFO -- : Ініціалізовано об'єкт RentalItem з адресою 5903 Rema Freeway, Flatleyside, AR 88977
I, [2024-11-06T11:02:43.457486 #50492]  INFO -- : Added item: Оренда: Ціна: 12309 грн, Адреса: 5903 Rema Freeway, Flatleyside, AR 88977, Площа: 79 м², Кімнат: 1, Зображення: images/aliquid.jpg
I, [2024-11-06T11:02:43.458773 #50492]  INFO -- : Ініціалізовано об'єкт RentalItem з адресою 3800 Schinner Terrace, North Booker, AL 82904-3150
I, [2024-11-06T11:02:43.459042 #50492]  INFO -- : Added item: Оренда: Ціна: 9216 грн, Адреса: 3800 Schinner Terrace, North Booker, AL 82904-3150, Площа: 144 м², Кімнат: 2, Зображення: images/voluptatibus.jpg
I, [2024-11-06T11:02:43.460028 #50492]  INFO -- : Ініціалізовано об'єкт RentalItem з адресою Suite 249 1591 Dibbert Mall, Nienowton, PA 70688
I, [2024-11-06T11:02:43.460354 #50492]  INFO -- : Added item: Оренда: Ціна: 8486 грн, Адреса: Suite 249 1591 Dibbert Mall, Nienowton, PA 70688, Площа: 68 м², Кімнат: 3, Зображення: images/maxime.jpg
I, [2024-11-06T11:02:43.461494 #50492]  INFO -- : Ініціалізовано об'єкт RentalItem з адресою Suite 697 128 Wisoky Spring, MacGyverchester, SC 34014-8047
I, [2024-11-06T11:02:43.461810 #50492]  INFO -- : Added item: Оренда: Ціна: 19623 грн, Адреса: Suite 697 128 Wisoky Spring, MacGyverchester, SC 34014-8047, Площа: 138 м², Кімнат: 1, Зображення: images/non.jpg
I, [2024-11-06T11:02:43.463102 #50492]  INFO -- : Ініціалізовано об'єкт RentalItem з адресою Suite 491 330 Hamill Springs, Reillyburgh, TX 10385-2411
I, [2024-11-06T11:02:43.463450 #50492]  INFO -- : Added item: Оренда: Ціна: 7188 грн, Адреса: Suite 491 330 Hamill Springs, Reillyburgh, TX 10385-2411, Площа: 187 м², Кімнат: 2, Зображення: images/minima.jpg
I, [2024-11-06T11:02:43.465157 #50492]  INFO -- : Ініціалізовано об'єкт RentalItem з адресою 82478 Carter Flats, Funkhaven, MI 69817-2588
I, [2024-11-06T11:02:43.465708 #50492]  INFO -- : Added item: Оренда: Ціна: 13643 грн, Адреса: 82478 Carter Flats, Funkhaven, MI 69817-2588, Площа: 191 м², Кімнат: 4, Зображення: images/nesciunt.jpg
I, [2024-11-06T11:02:43.465961 #50492]  INFO -- : Generated 10 test items
I, [2024-11-06T11:02:43.473407 #50492]  INFO -- : Saved items to output/items.txt
I, [2024-11-06T11:02:43.473857 #50492]  INFO -- : Saved items to output/items.csv
I, [2024-11-06T11:02:43.474139 #50492]  INFO -- : Saved items to output/items.json
I, [2024-11-06T11:02:43.489260 #50492]  INFO -- : Saved items to output/items_yml as YAML files
